<?xml version="1.0" encoding="UTF-8"?>
<!-- Generated by org.testng.reporters.JUnitReportReporter -->
<testsuite hostname="DESKTOP-0OL0U8G" failures="0" tests="1" name="javatestproject.AddAddressJackson" time="0.274" errors="0" timestamp="2024-04-22T22:43:48 IST" skipped="0">
  <testcase classname="javatestproject.AddAddressJackson" name="AddAddress" time="0.274"/>
</testsuite> <!-- javatestproject.AddAddressJackson -->
