<?xml version="1.0" encoding="UTF-8"?>
<!-- Generated by org.testng.reporters.JUnitReportReporter -->
<testsuite hostname="DESKTOP-0OL0U8G" failures="0" tests="2" name="prameterexamples.ParallelTest" time="4.196" errors="0" timestamp="2024-04-23T12:00:39 IST" skipped="0">
  <testcase classname="prameterexamples.ParallelTest" name="doLogin" time="2.127"/>
  <testcase classname="prameterexamples.ParallelTest" name="doLogin" time="2.069"/>
</testsuite> <!-- prameterexamples.ParallelTest -->
