<?xml version="1.0" encoding="UTF-8"?>
<!-- Generated by org.testng.reporters.JUnitReportReporter -->
<testsuite hostname="DESKTOP-0OL0U8G" failures="0" tests="1" name="javatestproject.SimpleJsonDesrialization" time="0.014" errors="0" timestamp="2024-04-22T20:38:15 IST" skipped="0">
  <testcase classname="javatestproject.SimpleJsonDesrialization" name="desJson" time="0.014"/>
</testsuite> <!-- javatestproject.SimpleJsonDesrialization -->
