<?xml version="1.0" encoding="UTF-8"?>
<!-- Generated by org.testng.reporters.JUnitReportReporter -->
<testsuite hostname="DESKTOP-0OL0U8G" failures="0" tests="1" name="javatestproject.APIBodyJACKSON" time="2.397" errors="0" timestamp="2024-04-23T08:25:12 IST" skipped="0">
  <testcase classname="javatestproject.APIBodyJACKSON" name="serializeAddPlaceBody" time="2.397"/>
</testsuite> <!-- javatestproject.APIBodyJACKSON -->
