<?xml version="1.0" encoding="UTF-8"?>
<!-- Generated by org.testng.reporters.JUnitReportReporter -->
<testsuite hostname="DESKTOP-0OL0U8G" failures="0" tests="1" name="prameterexamples.TestParameterXML" time="0.008" errors="0" timestamp="2024-04-23T10:24:36 IST" skipped="0">
  <testcase classname="prameterexamples.TestParameterXML" name="doLogin" time="0.008"/>
</testsuite> <!-- prameterexamples.TestParameterXML -->
