<?xml version="1.0" encoding="UTF-8"?>
<!-- Generated by org.testng.reporters.JUnitReportReporter -->
<testsuite hostname="DESKTOP-0OL0U8G" failures="0" tests="1" name="javatestproject.JsonDesrialization" time="0.017" errors="0" timestamp="2024-04-22T13:07:51 IST" skipped="0">
  <testcase classname="javatestproject.JsonDesrialization" name="desJson" time="0.017"/>
</testsuite> <!-- javatestproject.JsonDesrialization -->
