<?xml version="1.0" encoding="UTF-8"?>
<!-- Generated by org.testng.reporters.JUnitReportReporter -->
<testsuite hostname="DESKTOP-0OL0U8G" failures="0" tests="1" name="javatestproject.DeserializeOfJson" time="0.016" errors="0" timestamp="2024-04-22T11:46:05 IST" skipped="0">
  <testcase classname="javatestproject.DeserializeOfJson" name="getElements" time="0.016"/>
</testsuite> <!-- javatestproject.DeserializeOfJson -->
