<?xml version="1.0" encoding="UTF-8"?>
<!-- Generated by org.testng.reporters.JUnitReportReporter -->
<testsuite hostname="DESKTOP-0OL0U8G" failures="0" tests="1" name="javatestproject.NewTesting" time="0.010" errors="0" timestamp="2024-04-18T18:16:12 IST" skipped="0">
  <testcase classname="javatestproject.NewTesting" name="mainTest" time="0.010"/>
</testsuite> <!-- javatestproject.NewTesting -->
