<?xml version="1.0" encoding="UTF-8"?>
<!-- Generated by org.testng.reporters.JUnitReportReporter -->
<testsuite hostname="DESKTOP-0OL0U8G" failures="0" tests="1" name="javatestproject.SimpleJSONSerialization" time="0.011" errors="0" timestamp="2024-04-22T20:34:18 IST" skipped="0">
  <testcase classname="javatestproject.SimpleJSONSerialization" name="SerializeUsingSimpleJson" time="0.011"/>
</testsuite> <!-- javatestproject.SimpleJSONSerialization -->
