<?xml version="1.0" encoding="UTF-8"?>
<!-- Generated by org.testng.reporters.JUnitReportReporter -->
<testsuite hostname="DESKTOP-0OL0U8G" failures="0" tests="1" name="javatestproject.SerializationBody" time="2.080" errors="0" timestamp="2024-04-22T08:19:06 IST" skipped="0">
  <testcase classname="javatestproject.SerializationBody" name="serializeAddPlaceBody" time="2.080"/>
</testsuite> <!-- javatestproject.SerializationBody -->
