<?xml version="1.0" encoding="UTF-8"?>
<!-- Generated by org.testng.reporters.JUnitReportReporter -->
<testsuite hostname="DESKTOP-0OL0U8G" failures="0" tests="1" name="javatestproject.OauthDemo" time="2.250" errors="0" timestamp="2024-04-21T13:34:33 IST" skipped="0">
  <testcase classname="javatestproject.OauthDemo" name="getOAuthExample" time="2.250"/>
</testsuite> <!-- javatestproject.OauthDemo -->
